Performance Statistics   2020-09-01 15:58:00 - 2020-09-01 16:00:00
Tag                                                  Avg(ms)         Min         Max     Std Dev       Count
MenuItem.report$Report.browse                          139,0         139         139         0,0           1
MenuItem.reportgeneration$Customer.browse              125,0         125         125         0,0           1
MenuItem.reportgeneration$Product.browse               573,5          62        1085       511,5           2
bandEditor#create                                       81,0          81          81         0,0           1
bandEditor#xml                                           0,5           0           1         0,5           2
editWindowActions#create                                 4,0           4           4         0,0           1
editWindowActions#xml                                    0,5           0           1         0,5           2
formatsFrame#create                                      5,0           5           5         0,0           1
formatsFrame#xml                                         0,5           0           1         0,5           2
generalFrame#create                                    249,0         249         249         0,0           1
generalFrame#xml                                         1,0           0           2         1,0           2
localesFrame#create                                      2,0           2           2         0,0           1
localesFrame#xml                                         0,5           0           1         0,5           2
loginWindow#afterShow                                    0,0           0           0         0,0           1
loginWindow#beforeShow                                   3,0           3           3         0,0           1
loginWindow#create                                     190,0         190         190         0,0           1
loginWindow#init                                        31,0          31          31         0,0           1
loginWindow#inject                                      69,0          69          69         0,0           1
loginWindow#load                                       943,0         943         943         0,0           1
loginWindow#uiPermissions                                2,0           2           2         0,0           1
loginWindow#xml                                         10,5           1          20         9,5           2
lookupWindowActions#create                               4,5           1          13         4,9           4
lookupWindowActions#inject                               1,3           0           5         2,2           4
lookupWindowActions#load                                 2,3           1           4         1,1           4
lookupWindowActions#xml                                  0,1           0           1         0,3           8
mainWindow#afterShow                                     4,0           4           4         0,0           1
mainWindow#beforeShow                                    0,0           0           0         0,0           1
mainWindow#create                                       14,0          14          14         0,0           1
mainWindow#init                                         12,0          12          12         0,0           1
mainWindow#inject                                       10,0          10          10         0,0           1
mainWindow#load                                        248,0         248         248         0,0           1
mainWindow#uiPermissions                                 0,0           0           0         0,0           1
mainWindow#xml                                           1,0           0           2         1,0           2
parametersFrame#create                                  10,0          10          10         0,0           1
parametersFrame#xml                                      0,5           0           1         0,5           2
report$Report.browse#afterShow                           0,0           0           0         0,0           1
report$Report.browse#beforeShow                          0,0           0           0         0,0           1
report$Report.browse#create                              4,0           4           4         0,0           1
report$Report.browse#init                                6,0           6           6         0,0           1
report$Report.browse#inject                              6,0           6           6         0,0           1
report$Report.browse#load                               35,0          35          35         0,0           1
report$Report.browse#uiPermissions                       0,0           0           0         0,0           1
report$Report.browse#xml                                 1,5           0           3         1,5           2
report$Report.browse.lookupWindowActions#init            0,0           0           0         0,0           1
report$Report.browse@reportDs                           33,0          33          33         0,0           1
report$Report.edit#afterShow                             1,0           1           1         0,0           1
report$Report.edit#beforeShow                            5,0           5           5         0,0           1
report$Report.edit#companion                             0,0           0           0         0,0           1
report$Report.edit#create                                3,0           3           3         0,0           1
report$Report.edit#init                                356,0         356         356         0,0           1
report$Report.edit#inject                                7,0           7           7         0,0           1
report$Report.edit#load                                821,0         821         821         0,0           1
report$Report.edit#uiPermissions                         0,0           0           0         0,0           1
report$Report.edit#xml                                   0,6           0           3         1,2           5
report$Report.edit.formatsFrame#init                     0,0           0           0         0,0           1
report$Report.edit.formatsFrame#inject                   0,0           0           0         0,0           1
report$Report.edit.formatsFrame#load                     1,0           1           1         0,0           1
report$Report.edit.generalFrame#init                     0,0           0           0         0,0           1
report$Report.edit.generalFrame#inject                   0,0           0           0         0,0           1
report$Report.edit.generalFrame#load                   418,0         418         418         0,0           1
report$Report.edit.generalFrame.bandEditor#init         13,0          13          13         0,0           1
report$Report.edit.generalFrame.bandEditor#inject         6,0           6           6         0,0           1
report$Report.edit.generalFrame.bandEditor#load        240,0         240         240         0,0           1
report$Report.edit.localesFrame#init                     0,0           0           0         0,0           1
report$Report.edit.localesFrame#inject                   0,0           0           0         0,0           1
report$Report.edit.localesFrame#load                    14,0          14          14         0,0           1
report$Report.edit.parametersFrame#init                  0,0           0           0         0,0           1
report$Report.edit.parametersFrame#inject                0,0           0           0         0,0           1
report$Report.edit.parametersFrame#load                 39,0          39          39         0,0           1
report$Report.edit.securityFrame#init                    0,0           0           0         0,0           1
report$Report.edit.securityFrame#inject                  0,0           0           0         0,0           1
report$Report.edit.securityFrame#load                    3,0           3           3         0,0           1
report$Report.edit.templatesFrame#init                   0,0           0           0         0,0           1
report$Report.edit.templatesFrame#inject                 0,0           0           0         0,0           1
report$Report.edit.templatesFrame#load                   2,0           2           2         0,0           1
report$Report.edit@groupsDs                             10,0          10          10         0,0           1
reportgeneration$Customer.browse#afterShow               0,0           0           0         0,0           1
reportgeneration$Customer.browse#beforeShow              0,0           0           0         0,0           1
reportgeneration$Customer.browse#create                  3,0           3           3         0,0           1
reportgeneration$Customer.browse#init                    0,0           0           0         0,0           1
reportgeneration$Customer.browse#inject                  5,0           5           5         0,0           1
reportgeneration$Customer.browse#load                   42,0          42          42         0,0           1
reportgeneration$Customer.browse#uiPermissions           0,0           0           0         0,0           1
reportgeneration$Customer.browse#xml                     1,5           0           3         1,5           2
reportgeneration$Customer.browse.lookupWindowActions#init         0,0           0           0         0,0           1
reportgeneration$Customer.browse@customersDs            36,0          36          36         0,0           1
reportgeneration$Customer.edit#create                    3,0           3           3         0,0           1
reportgeneration$Customer.edit#xml                       0,2           0           1         0,4           6
reportgeneration$Product.browse#afterShow                0,0           0           0         0,0           2
reportgeneration$Product.browse#beforeShow               0,0           0           0         0,0           2
reportgeneration$Product.browse#create                   8,5           3          14         5,5           2
reportgeneration$Product.browse#init                     1,0           0           2         1,0           2
reportgeneration$Product.browse#inject                   7,5           0          15         7,5           2
reportgeneration$Product.browse#load                   274,5          19         530       255,5           2
reportgeneration$Product.browse#uiPermissions            0,0           0           0         0,0           2
reportgeneration$Product.browse#xml                      0,8           0           3         1,3           4
reportgeneration$Product.browse.lookupWindowActions#init         0,0           0           0         0,0           2
reportgeneration$Product.browse@productsDs             213,0          13         413       200,0           2
securityFrame#create                                    13,0          13          13         0,0           1
securityFrame#xml                                        0,5           0           1         0,5           2
templatesFrame#create                                    5,0           5           5         0,0           1
templatesFrame#xml                                       0,0           0           0         0,0           2

Performance Statistics   2020-09-01 16:00:00 - 2020-09-01 16:02:00
Tag                                                  Avg(ms)         Min         Max     Std Dev       Count
MenuItem.reportgeneration$Customer.browse               59,0          59          59         0,0           1
MenuItem.reportgeneration$Order.browse                 254,0         254         254         0,0           1
editWindowActions#create                                 4,0           4           4         0,0           2
editWindowActions#xml                                    0,0           0           0         0,0           4
lookupWindowActions#create                               2,0           2           2         0,0           2
lookupWindowActions#inject                               0,0           0           0         0,0           2
lookupWindowActions#load                                 2,0           2           2         0,0           2
lookupWindowActions#xml                                  0,0           0           0         0,0           4
reportgeneration$Customer.browse#afterShow               0,0           0           0         0,0           1
reportgeneration$Customer.browse#beforeShow              0,0           0           0         0,0           1
reportgeneration$Customer.browse#create                  2,0           2           2         0,0           1
reportgeneration$Customer.browse#init                    0,0           0           0         0,0           1
reportgeneration$Customer.browse#inject                  0,0           0           0         0,0           1
reportgeneration$Customer.browse#load                   17,0          17          17         0,0           1
reportgeneration$Customer.browse#uiPermissions           0,0           0           0         0,0           1
reportgeneration$Customer.browse#xml                     0,0           0           0         0,0           2
reportgeneration$Customer.browse.lookupWindowActions#init         0,0           0           0         0,0           1
reportgeneration$Customer.browse@customersDs            16,0          16          16         0,0           1
reportgeneration$Customer.edit#create                    2,0           2           2         0,0           1
reportgeneration$Customer.edit#xml                       0,0           0           0         0,0           6
reportgeneration$Order.browse#afterShow                  0,0           0           0         0,0           1
reportgeneration$Order.browse#beforeShow                 0,0           0           0         0,0           1
reportgeneration$Order.browse#create                     3,0           3           3         0,0           1
reportgeneration$Order.browse#init                       7,0           7           7         0,0           1
reportgeneration$Order.browse#inject                     5,0           5           5         0,0           1
reportgeneration$Order.browse#load                     170,0         170         170         0,0           1
reportgeneration$Order.browse#uiPermissions              0,0           0           0         0,0           1
reportgeneration$Order.browse#xml                        0,5           0           1         0,5           2
reportgeneration$Order.browse.lookupWindowActions#init         0,0           0           0         0,0           1
reportgeneration$Order.browse@customersDs                7,0           7           7         0,0           1
reportgeneration$Order.browse@ordersDs                  23,0          23          23         0,0           1
reportgeneration$Product.edit#afterShow                  0,0           0           0         0,0           1
reportgeneration$Product.edit#beforeShow                 0,0           0           0         0,0           1
reportgeneration$Product.edit#create                     2,0           2           2         0,0           1
reportgeneration$Product.edit#init                       0,0           0           0         0,0           1
reportgeneration$Product.edit#inject                     5,0           5           5         0,0           1
reportgeneration$Product.edit#load                      35,0          35          35         0,0           1
reportgeneration$Product.edit#uiPermissions              0,0           0           0         0,0           1
reportgeneration$Product.edit#xml                        0,6           0           3         1,2           5
reportgeneration$Product.edit.windowActions#init         0,0           0           0         0,0           1
reportgeneration$Product.edit.windowActions#inject         0,0           0           0         0,0           1
reportgeneration$Product.edit.windowActions#load         0,0           0           0         0,0           1

Performance Statistics   2020-09-01 16:02:00 - 2020-09-01 16:04:00
Tag                                                  Avg(ms)         Min         Max     Std Dev       Count

Performance Statistics   2020-09-01 16:06:00 - 2020-09-01 16:08:00
Tag                                                  Avg(ms)         Min         Max     Std Dev       Count
MenuItem.report$Report.browse                         1253,0        1253        1253         0,0           1
MenuItem.reportgeneration$Customer.browse              133,0         133         133         0,0           1
editWindowActions#create                                 3,7           3           4         0,5           3
editWindowActions#xml                                    0,2           0           1         0,4           6
loginWindow#afterShow                                    0,0           0           0         0,0           1
loginWindow#beforeShow                                   3,0           3           3         0,0           1
loginWindow#create                                     117,0         117         117         0,0           1
loginWindow#init                                        17,0          17          17         0,0           1
loginWindow#inject                                      54,0          54          54         0,0           1
loginWindow#load                                       480,0         480         480         0,0           1
loginWindow#uiPermissions                                1,0           1           1         0,0           1
loginWindow#xml                                          4,0           0           8         4,0           2
lookupWindowActions#create                               9,5           2          17         7,5           2
lookupWindowActions#inject                               4,5           0           9         4,5           2
lookupWindowActions#load                                 4,0           2           6         2,0           2
lookupWindowActions#xml                                  0,3           0           1         0,4           4
mainWindow#afterShow                                     4,0           4           4         0,0           1
mainWindow#beforeShow                                    0,0           0           0         0,0           1
mainWindow#create                                       19,0          19          19         0,0           1
mainWindow#init                                         11,0          11          11         0,0           1
mainWindow#inject                                       10,0          10          10         0,0           1
mainWindow#load                                        245,0         245         245         0,0           1
mainWindow#uiPermissions                                 0,0           0           0         0,0           1
mainWindow#xml                                           1,0           0           2         1,0           2
report$Report.browse#afterShow                           0,0           0           0         0,0           1
report$Report.browse#beforeShow                          0,0           0           0         0,0           1
report$Report.browse#create                             14,0          14          14         0,0           1
report$Report.browse#init                                9,0           9           9         0,0           1
report$Report.browse#inject                             19,0          19          19         0,0           1
report$Report.browse#load                              518,0         518         518         0,0           1
report$Report.browse#uiPermissions                       0,0           0           0         0,0           1
report$Report.browse#xml                                 2,0           0           4         2,0           2
report$Report.browse.lookupWindowActions#init            0,0           0           0         0,0           1
report$Report.browse@reportDs                          522,0         522         522         0,0           1
reportgeneration$Customer.browse#afterShow               0,0           0           0         0,0           1
reportgeneration$Customer.browse#beforeShow              0,0           0           0         0,0           1
reportgeneration$Customer.browse#create                  3,0           3           3         0,0           1
reportgeneration$Customer.browse#init                    0,0           0           0         0,0           1
reportgeneration$Customer.browse#inject                  6,0           6           6         0,0           1
reportgeneration$Customer.browse#load                   40,0          40          40         0,0           1
reportgeneration$Customer.browse#uiPermissions           0,0           0           0         0,0           1
reportgeneration$Customer.browse#xml                     1,0           0           2         1,0           2
reportgeneration$Customer.browse.lookupWindowActions#init         0,0           0           0         0,0           1
reportgeneration$Customer.browse@customersDs            41,0          41          41         0,0           1
reportgeneration$Customer.edit#afterShow                 0,0           0           0         0,0           3
reportgeneration$Customer.edit#beforeShow                0,0           0           0         0,0           3
reportgeneration$Customer.edit#create                    2,3           2           3         0,5           3
reportgeneration$Customer.edit#init                      0,3           0           1         0,5           3
reportgeneration$Customer.edit#inject                    2,0           0           6         2,8           3
reportgeneration$Customer.edit#load                    146,7          54         319       122,0           3
reportgeneration$Customer.edit#uiPermissions             0,0           0           0         0,0           3
reportgeneration$Customer.edit#xml                       0,1           0           1         0,2          15
reportgeneration$Customer.edit.windowActions#init         0,0           0           0         0,0           3
reportgeneration$Customer.edit.windowActions#inject         0,0           0           0         0,0           3
reportgeneration$Customer.edit.windowActions#load         0,0           0           0         0,0           3

Performance Statistics   2020-09-01 16:08:00 - 2020-09-01 16:10:00
Tag                                                  Avg(ms)         Min         Max     Std Dev       Count
MenuItem.reportgeneration$Customer.browse              141,0         141         141         0,0           1
MenuItem.reportgeneration$Product.browse               991,0         991         991         0,0           1
editWindowActions#create                                 3,0           3           3         0,0           1
editWindowActions#xml                                    0,5           0           1         0,5           2
loginWindow#afterShow                                    0,0           0           0         0,0           2
loginWindow#beforeShow                                   1,5           0           3         1,5           2
loginWindow#create                                      71,0           4         138        67,0           2
loginWindow#init                                        15,0           0          30        15,0           2
loginWindow#inject                                      44,0           0          88        44,0           2
loginWindow#load                                       355,0          22         688       333,0           2
loginWindow#uiPermissions                                1,0           0           2         1,0           2
loginWindow#xml                                          2,5           0          10         4,3           4
lookupWindowActions#create                               7,5           2          13         5,5           2
lookupWindowActions#inject                               2,5           0           5         2,5           2
lookupWindowActions#load                                 3,0           2           4         1,0           2
lookupWindowActions#xml                                  0,3           0           1         0,4           4
mainWindow#afterShow                                     8,0           8           8         0,0           1
mainWindow#beforeShow                                    0,0           0           0         0,0           1
mainWindow#create                                       11,0          11          11         0,0           1
mainWindow#init                                         13,0          13          13         0,0           1
mainWindow#inject                                       12,0          12          12         0,0           1
mainWindow#load                                        208,0         208         208         0,0           1
mainWindow#uiPermissions                                 0,0           0           0         0,0           1
mainWindow#xml                                           0,5           0           1         0,5           2
reportgeneration$Customer.browse#afterShow               0,0           0           0         0,0           1
reportgeneration$Customer.browse#beforeShow              0,0           0           0         0,0           1
reportgeneration$Customer.browse#create                  3,0           3           3         0,0           1
reportgeneration$Customer.browse#init                    0,0           0           0         0,0           1
reportgeneration$Customer.browse#inject                  6,0           6           6         0,0           1
reportgeneration$Customer.browse#load                   41,0          41          41         0,0           1
reportgeneration$Customer.browse#uiPermissions           0,0           0           0         0,0           1
reportgeneration$Customer.browse#xml                     0,5           0           1         0,5           2
reportgeneration$Customer.browse.lookupWindowActions#init         0,0           0           0         0,0           1
reportgeneration$Customer.browse@customersDs            46,0          46          46         0,0           1
reportgeneration$Customer.edit#afterShow                 0,0           0           0         0,0           1
reportgeneration$Customer.edit#beforeShow                0,0           0           0         0,0           1
reportgeneration$Customer.edit#create                    3,0           3           3         0,0           1
reportgeneration$Customer.edit#init                      1,0           1           1         0,0           1
reportgeneration$Customer.edit#inject                    5,0           5           5         0,0           1
reportgeneration$Customer.edit#load                    310,0         310         310         0,0           1
reportgeneration$Customer.edit#uiPermissions             0,0           0           0         0,0           1
reportgeneration$Customer.edit#xml                       0,6           0           3         1,2           5
reportgeneration$Customer.edit.windowActions#init         0,0           0           0         0,0           1
reportgeneration$Customer.edit.windowActions#inject         0,0           0           0         0,0           1
reportgeneration$Customer.edit.windowActions#load         0,0           0           0         0,0           1
reportgeneration$Product.browse#afterShow                0,0           0           0         0,0           1
reportgeneration$Product.browse#beforeShow               0,0           0           0         0,0           1
reportgeneration$Product.browse#create                  13,0          13          13         0,0           1
reportgeneration$Product.browse#init                     1,0           1           1         0,0           1
reportgeneration$Product.browse#inject                   8,0           8           8         0,0           1
reportgeneration$Product.browse#load                   453,0         453         453         0,0           1
reportgeneration$Product.browse#uiPermissions            0,0           0           0         0,0           1
reportgeneration$Product.browse#xml                      1,5           0           3         1,5           2
reportgeneration$Product.browse.lookupWindowActions#init         0,0           0           0         0,0           1
reportgeneration$Product.browse@productsDs             408,0         408         408         0,0           1

Performance Statistics   2020-09-01 16:10:00 - 2020-09-01 16:12:00
Tag                                                  Avg(ms)         Min         Max     Std Dev       Count
editWindowActions#create                                 4,0           4           4         0,0           1
editWindowActions#xml                                    0,0           0           0         0,0           2
reportgeneration$Customer.edit#afterShow                 0,0           0           0         0,0           1
reportgeneration$Customer.edit#beforeShow                0,0           0           0         0,0           1
reportgeneration$Customer.edit#create                    2,0           2           2         0,0           1
reportgeneration$Customer.edit#init                      0,0           0           0         0,0           1
reportgeneration$Customer.edit#inject                    0,0           0           0         0,0           1
reportgeneration$Customer.edit#load                     67,0          67          67         0,0           1
reportgeneration$Customer.edit#uiPermissions             0,0           0           0         0,0           1
reportgeneration$Customer.edit#xml                       0,0           0           0         0,0           5
reportgeneration$Customer.edit.windowActions#init         0,0           0           0         0,0           1
reportgeneration$Customer.edit.windowActions#inject         0,0           0           0         0,0           1
reportgeneration$Customer.edit.windowActions#load         0,0           0           0         0,0           1

