2017-02-19 17:55:25.304 [com.haulmont.cuba.security.entity.User-60885987-1b61-4247-94c7-dff348347f93 [detached]] CREATE "/Users/aleksey/Documents/_WORKSPACE_/sample-report-generation/deploy/tomcat/work/app-core/filestorage/2017/02/19/3c6e1d89-1f7d-e330-5956-4dd70f5fa44b.jpg"
2017-02-19 17:55:37.013 [com.haulmont.cuba.security.entity.User-60885987-1b61-4247-94c7-dff348347f93 [detached]] CREATE "/Users/aleksey/Documents/_WORKSPACE_/sample-report-generation/deploy/tomcat/work/app-core/filestorage/2017/02/19/e1dd2403-a588-c183-4733-83d017c13426.png"
2017-02-19 17:56:13.575 [com.haulmont.cuba.security.entity.User-60885987-1b61-4247-94c7-dff348347f93 [detached]] CREATE "/Users/aleksey/Documents/_WORKSPACE_/sample-report-generation/deploy/tomcat/work/app-core/filestorage/2017/02/19/d7756ee0-043a-8611-f7cc-857cd0a5cc65.jpg"
2017-02-19 17:56:54.426 [com.haulmont.cuba.security.entity.User-60885987-1b61-4247-94c7-dff348347f93 [detached]] CREATE "/Users/aleksey/Documents/_WORKSPACE_/sample-report-generation/deploy/tomcat/work/app-core/filestorage/2017/02/19/15b0c4d9-9a19-b5dc-6427-efb413e52fb9.png"
2017-02-19 18:00:01.685 [com.haulmont.cuba.security.entity.User-60885987-1b61-4247-94c7-dff348347f93 [detached]] CREATE "/Users/aleksey/Documents/_WORKSPACE_/sample-report-generation/deploy/tomcat/work/app-core/filestorage/2017/02/19/2e475e67-286f-14cc-0aad-3ef949167a2a.png"
2017-02-19 18:02:55.767 [com.haulmont.cuba.security.entity.User-60885987-1b61-4247-94c7-dff348347f93 [detached]] CREATE "/Users/aleksey/Documents/_WORKSPACE_/sample-report-generation/deploy/tomcat/work/app-core/filestorage/2017/02/19/d14bab5e-2311-b7cf-bb74-52693bbffc3a.png"
2017-08-28 15:31:51.606 [com.haulmont.cuba.security.entity.User-83674bdb-a07e-48f0-1379-a6e279e99420 [detached]] CREATE "/Users/aleksey/Documents/_WORKSPACE_/sample-report-generation/deploy/tomcat/work/app-core/filestorage/2017/08/28/8a4499a2-201f-c1e9-7af3-1ec9fb611b4b.pdf"
2017-08-28 15:31:51.607 [com.haulmont.cuba.security.entity.User-83674bdb-a07e-48f0-1379-a6e279e99420 [detached]] CREATE "/Users/aleksey/Documents/_WORKSPACE_/sample-report-generation/deploy/tomcat/work/app-core/filestorage/2017/08/28/1bd42888-8345-dd19-17d4-6750d7c63ce5.pdf"
2017-08-29 16:00:46.687 [com.haulmont.cuba.security.entity.User-83674bdb-a07e-48f0-1379-a6e279e99420 [detached]] CREATE "/Users/aleksey/Documents/_WORKSPACE_/sample-report-generation/deploy/tomcat/work/app-core/filestorage/2017/08/29/ed02ec42-35b6-9402-aaac-e84a27559993.pdf"
2017-09-30 22:30:58.305 [com.haulmont.cuba.security.entity.User-60885987-1b61-4247-94c7-dff348347f93 [detached]] CREATE "/Users/aleksey/Documents/_WORKSPACE_/sample-report-generation/deploy/tomcat/work/app-core/filestorage/2017/09/30/028316cc-db2b-9ceb-eb7b-a98c3458854e.null"
2017-09-30 22:37:19.766 [com.haulmont.cuba.security.entity.User-60885987-1b61-4247-94c7-dff348347f93 [detached]] CREATE "/Users/aleksey/Documents/_WORKSPACE_/sample-report-generation/deploy/tomcat/work/app-core/filestorage/2017/09/30/537c1f9d-66e9-305e-9e77-8c8706b517f8.null"
2017-09-30 22:40:29.415 [com.haulmont.cuba.security.entity.User-60885987-1b61-4247-94c7-dff348347f93 [detached]] CREATE "/Users/aleksey/Documents/_WORKSPACE_/sample-report-generation/deploy/tomcat/work/app-core/filestorage/2017/09/30/68aae5e9-b2b5-8eba-37d6-d43eed0d6429.null"
2017-09-30 22:52:09.469 [com.haulmont.cuba.security.entity.User-60885987-1b61-4247-94c7-dff348347f93 [detached]] CREATE "/Users/aleksey/Documents/_WORKSPACE_/sample-report-generation/deploy/tomcat/work/app-core/filestorage/2017/09/30/43537d83-e755-ca94-a4a5-c8dfdb24cf66.null"
2017-09-30 22:53:19.440 [com.haulmont.cuba.security.entity.User-60885987-1b61-4247-94c7-dff348347f93 [detached]] CREATE "/Users/aleksey/Documents/_WORKSPACE_/sample-report-generation/deploy/tomcat/work/app-core/filestorage/2017/09/30/36b0704e-8673-c112-ff6e-0030778deb0f.null"
2017-09-30 22:55:20.053 [com.haulmont.cuba.security.entity.User-60885987-1b61-4247-94c7-dff348347f93 [detached]] CREATE "/Users/aleksey/Documents/_WORKSPACE_/sample-report-generation/deploy/tomcat/work/app-core/filestorage/2017/09/30/2dd32fac-8d0e-772e-2cb1-c5fa1c9d4751.null"
2017-09-30 22:56:04.583 [com.haulmont.cuba.security.entity.User-60885987-1b61-4247-94c7-dff348347f93 [detached]] CREATE "/Users/aleksey/Documents/_WORKSPACE_/sample-report-generation/deploy/tomcat/work/app-core/filestorage/2017/09/30/00577d4f-270b-3abf-fa77-78f91efe119f.null"
2017-11-24 11:08:45.558 [com.haulmont.cuba.security.entity.User-83674bdb-a07e-48f0-1379-a6e279e99420 [detached]] CREATE "/Users/aleksey/Documents/_WORKSPACE_/sample-report-generation/deploy/tomcat/work/app-core/filestorage/2017/11/24/15f0b8d4-72a1-435b-6a36-32530499e21a.pdf"
2017-11-24 12:52:46.889 [com.haulmont.cuba.security.entity.User-60885987-1b61-4247-94c7-dff348347f93 [detached]] CREATE "/work/sandbox/sample-report-generation/deploy/tomcat/work/app-core/filestorage/2017/11/24/f6b6e78d-8283-ec39-e2da-d4c363bd50ec.pdf"
2017-11-24 12:52:46.903 [com.haulmont.cuba.security.entity.User-60885987-1b61-4247-94c7-dff348347f93 [detached]] CREATE "/work/sandbox/sample-report-generation/deploy/tomcat/work/app-core/filestorage/2017/11/24/4f0ddc04-e09e-f218-0ee5-6c3c77ce89df.pdf"
2017-11-24 12:52:46.908 [com.haulmont.cuba.security.entity.User-60885987-1b61-4247-94c7-dff348347f93 [detached]] CREATE "/work/sandbox/sample-report-generation/deploy/tomcat/work/app-core/filestorage/2017/11/24/5a49e31f-0b2e-fb09-f232-620b129beed2.pdf"
2017-11-24 12:52:46.908 [com.haulmont.cuba.security.entity.User-60885987-1b61-4247-94c7-dff348347f93 [detached]] CREATE "/work/sandbox/sample-report-generation/deploy/tomcat/work/app-core/filestorage/2017/11/24/4f5977cb-3f36-51c6-46ac-a2de2aadddd2.pdf"
2017-11-24 12:52:46.908 [com.haulmont.cuba.security.entity.User-60885987-1b61-4247-94c7-dff348347f93 [detached]] CREATE "/work/sandbox/sample-report-generation/deploy/tomcat/work/app-core/filestorage/2017/11/24/5b2d683d-8274-f840-5e4e-cbe6b08ab630.pdf"
2017-11-24 12:52:46.912 [com.haulmont.cuba.security.entity.User-60885987-1b61-4247-94c7-dff348347f93 [detached]] CREATE "/work/sandbox/sample-report-generation/deploy/tomcat/work/app-core/filestorage/2017/11/24/35d86ed1-5c55-04f8-99f9-9366d6748ea6.pdf"
2017-11-24 12:53:55.619 [com.haulmont.cuba.security.entity.User-60885987-1b61-4247-94c7-dff348347f93 [detached]] CREATE "/work/sandbox/sample-report-generation/deploy/tomcat/work/app-core/filestorage/2017/11/24/1e5d492f-8adc-c42c-be1b-d1e681f9b6a5.pdf"
2017-11-24 13:16:17.624 [com.haulmont.cuba.security.entity.User-60885987-1b61-4247-94c7-dff348347f93 [detached]] CREATE "/work/sandbox/sample-report-generation/deploy/tomcat/work/app-core/filestorage/2017/11/24/1064bbd9-efd3-44ac-7cf7-c4a3b0bb395b.pdf"
2017-11-24 13:16:19.378 [com.haulmont.cuba.security.entity.User-60885987-1b61-4247-94c7-dff348347f93 [detached]] CREATE "/work/sandbox/sample-report-generation/deploy/tomcat/work/app-core/filestorage/2017/11/24/01ba6ce3-4b61-6e86-0c31-d3e82db12fbc.pdf"
2017-11-24 13:16:22.390 [com.haulmont.cuba.security.entity.User-60885987-1b61-4247-94c7-dff348347f93 [detached]] CREATE "/work/sandbox/sample-report-generation/deploy/tomcat/work/app-core/filestorage/2017/11/24/fd0ac2cc-013e-a706-2864-bf8a76084f9a.pdf"
2017-11-24 13:16:22.917 [com.haulmont.cuba.security.entity.User-60885987-1b61-4247-94c7-dff348347f93 [detached]] CREATE "/work/sandbox/sample-report-generation/deploy/tomcat/work/app-core/filestorage/2017/11/24/9ddebd89-b052-648b-90d2-824f02ff8cee.pdf"
2017-11-24 13:16:23.146 [com.haulmont.cuba.security.entity.User-60885987-1b61-4247-94c7-dff348347f93 [detached]] CREATE "/work/sandbox/sample-report-generation/deploy/tomcat/work/app-core/filestorage/2017/11/24/3537f362-9797-01fe-7ff7-b80c2e6ff207.pdf"
2017-11-24 13:16:24.118 [com.haulmont.cuba.security.entity.User-60885987-1b61-4247-94c7-dff348347f93 [detached]] CREATE "/work/sandbox/sample-report-generation/deploy/tomcat/work/app-core/filestorage/2017/11/24/773e9f61-8704-2346-bdc2-f1e9dbb0bf15.pdf"
2017-11-24 13:16:24.406 [com.haulmont.cuba.security.entity.User-60885987-1b61-4247-94c7-dff348347f93 [detached]] CREATE "/work/sandbox/sample-report-generation/deploy/tomcat/work/app-core/filestorage/2017/11/24/1371ddbb-dfdb-c28e-2b38-f8f917e44f9e.pdf"
2017-11-24 13:16:27.413 [com.haulmont.cuba.security.entity.User-60885987-1b61-4247-94c7-dff348347f93 [detached]] CREATE "/work/sandbox/sample-report-generation/deploy/tomcat/work/app-core/filestorage/2017/11/24/3b1f2848-0f0d-8e29-7c6e-c50a9fe45aac.pdf"
2017-11-24 13:16:37.945 [com.haulmont.cuba.security.entity.User-60885987-1b61-4247-94c7-dff348347f93 [detached]] CREATE "/work/sandbox/sample-report-generation/deploy/tomcat/work/app-core/filestorage/2017/11/24/02964b6d-c2e8-259e-125f-ab9ee04b7fc6.pdf"
2017-11-24 13:22:33.888 [com.haulmont.cuba.security.entity.User-60885987-1b61-4247-94c7-dff348347f93 [detached]] CREATE "/work/sandbox/sample-report-generation/deploy/tomcat/work/app-core/filestorage/2017/11/24/6255f71b-2992-1d8e-3957-6d271a05e704.pdf"
2017-11-24 13:23:39.791 [com.haulmont.cuba.security.entity.User-60885987-1b61-4247-94c7-dff348347f93 [detached]] CREATE "/work/sandbox/sample-report-generation/deploy/tomcat/work/app-core/filestorage/2017/11/24/96b68150-9e11-1f21-c7bc-a1f42af67b37.pdf"
2017-11-24 13:28:53.092 [com.haulmont.cuba.security.entity.User-60885987-1b61-4247-94c7-dff348347f93 [detached]] CREATE "/work/sandbox/sample-report-generation/deploy/tomcat/work/app-core/filestorage/2017/11/24/e5f92f68-7f36-c8e4-d341-0f3c9e77a128.pdf"
2017-11-24 13:30:15.683 [com.haulmont.cuba.security.entity.User-60885987-1b61-4247-94c7-dff348347f93 [detached]] CREATE "/work/sandbox/sample-report-generation/deploy/tomcat/work/app-core/filestorage/2017/11/24/8428b5ce-dec9-e1fd-2374-f91816c31ed8.pdf"
2017-11-24 13:34:45.516 [com.haulmont.cuba.security.entity.User-60885987-1b61-4247-94c7-dff348347f93 [detached]] CREATE "/work/sandbox/sample-report-generation/deploy/tomcat/work/app-core/filestorage/2017/11/24/a46a4145-b013-4c65-87ac-91c5417466f3.pdf"
2017-11-24 13:35:08.499 [com.haulmont.cuba.security.entity.User-60885987-1b61-4247-94c7-dff348347f93 [detached]] CREATE "/work/sandbox/sample-report-generation/deploy/tomcat/work/app-core/filestorage/2017/11/24/a173e474-10d2-28a9-b83b-bbb7ffa46dbe.pdf"
2017-11-24 13:35:35.616 [com.haulmont.cuba.security.entity.User-60885987-1b61-4247-94c7-dff348347f93 [detached]] CREATE "/work/sandbox/sample-report-generation/deploy/tomcat/work/app-core/filestorage/2017/11/24/d6cdd906-c2f9-30e4-2710-f165943a59a6.pdf"
2017-11-24 13:40:17.275 [com.haulmont.cuba.security.entity.User-60885987-1b61-4247-94c7-dff348347f93 [detached]] CREATE "/work/sandbox/sample-report-generation/deploy/tomcat/work/app-core/filestorage/2017/11/24/375abff6-fd9e-6be0-9211-ec2f0a3eac37.pdf"
2017-11-24 13:40:46.925 [com.haulmont.cuba.security.entity.User-60885987-1b61-4247-94c7-dff348347f93 [detached]] CREATE "/work/sandbox/sample-report-generation/deploy/tomcat/work/app-core/filestorage/2017/11/24/79eb498f-7939-c0df-2725-79fa887b300b.pdf"
2017-11-24 13:41:13.499 [com.haulmont.cuba.security.entity.User-60885987-1b61-4247-94c7-dff348347f93 [detached]] CREATE "/work/sandbox/sample-report-generation/deploy/tomcat/work/app-core/filestorage/2017/11/24/4209449d-da45-85e8-414d-5f31b6e5256f.pdf"
2017-11-24 13:44:28.658 [com.haulmont.cuba.security.entity.User-60885987-1b61-4247-94c7-dff348347f93 [detached]] CREATE "/work/sandbox/sample-report-generation/deploy/tomcat/work/app-core/filestorage/2017/11/24/fb9a18da-f04a-1523-b9d8-304c237d1b81.pdf"
2017-11-24 13:44:45.397 [com.haulmont.cuba.security.entity.User-60885987-1b61-4247-94c7-dff348347f93 [detached]] CREATE "/work/sandbox/sample-report-generation/deploy/tomcat/work/app-core/filestorage/2017/11/24/0c538f81-1c22-1a4d-f952-30e00aa38ec1.pdf"
