/*C39*/SET SCHEMA PUBLIC
DISCONNECT
/*C40*/SET SCHEMA PUBLIC
DISCONNECT
/*C41*/SET SCHEMA PUBLIC
DISCONNECT
/*C42*/SET SCHEMA PUBLIC
DISCONNECT
/*C43*/SET SCHEMA PUBLIC
DISCONNECT
/*C44*/SET SCHEMA PUBLIC
DISCONNECT
/*C46*/SET SCHEMA PUBLIC
DISCONNECT
/*C45*/SET SCHEMA PUBLIC
DISCONNECT
/*C47*/SET SCHEMA PUBLIC
DISCONNECT
/*C48*/SET SCHEMA PUBLIC
DISCONNECT
/*C49*/SET SCHEMA PUBLIC
DISCONNECT
/*C50*/SET SCHEMA PUBLIC
INSERT INTO SEC_SESSION_LOG VALUES('a1529ac7-5912-1f7f-384f-c6cc2f700fd7',1,'2017-11-24 12:52:13.725000','admin','2017-11-24 12:52:13.725000',NULL,NULL,NULL,'3f386b5f-ed0b-1893-8d83-069d5165bd06',NULL,'60885987-1b61-4247-94c7-dff348347f93',NULL,1,'REST API',NULL,'2017-11-24 12:52:13.723000',NULL,NULL,'localhost:8080/app-core')
COMMIT
DELETE FROM SYS_SERVER WHERE ID='9ce512b8-3e99-7f53-7e20-f3ceb84df599'
INSERT INTO SYS_SERVER VALUES('9ce512b8-3e99-7f53-7e20-f3ceb84df599','2017-02-07 22:05:12.170000',NULL,'2017-11-24 12:52:29.853000',NULL,'localhost:8080/app-core',TRUE,NULL)
COMMIT
/*C51*/SET SCHEMA PUBLIC
INSERT INTO SEC_SESSION_LOG VALUES('618a1c2f-8e52-6fe8-18c7-af7ad8d19cc8',1,'2017-11-24 12:52:41.575000','admin','2017-11-24 12:52:41.575000',NULL,NULL,NULL,'f01ab00e-b19a-8c31-a895-2506692f1a4e',NULL,'60885987-1b61-4247-94c7-dff348347f93',NULL,1,'Web (localhost:8080/app) Mozilla/5.0 (X11; Linux x86_64) AppleWebKit/537.36 (KHTML, like Gecko) Chrome/62.0.3202.94 Safari/537.36','0:0:0:0:0:0:0:1','2017-11-24 12:52:41.575000',NULL,NULL,'localhost:8080/app-core')
COMMIT
/*C50*/INSERT INTO SYS_FILE VALUES('f6b6e78d-8283-ec39-e2da-d4c363bd50ec','2017-11-24 12:52:46.904000','admin',1,'2017-11-24 12:52:46.904000',NULL,NULL,NULL,'123.pdf','pdf',52058,'2017-11-24 12:52:46.887000')
COMMIT
/*C51*/INSERT INTO SYS_FILE VALUES('4f0ddc04-e09e-f218-0ee5-6c3c77ce89df','2017-11-24 12:52:46.904000','admin',1,'2017-11-24 12:52:46.904000',NULL,NULL,NULL,'123.pdf','pdf',52058,'2017-11-24 12:52:46.891000')
COMMIT
/*C52*/SET SCHEMA PUBLIC
INSERT INTO SYS_FILE VALUES('5b2d683d-8274-f840-5e4e-cbe6b08ab630','2017-11-24 12:52:46.908000','admin',1,'2017-11-24 12:52:46.908000',NULL,NULL,NULL,'123.pdf','pdf',52058,'2017-11-24 12:52:46.890000')
COMMIT
DISCONNECT
/*C55*/SET SCHEMA PUBLIC
INSERT INTO SYS_FILE VALUES('35d86ed1-5c55-04f8-99f9-9366d6748ea6','2017-11-24 12:52:46.913000','admin',1,'2017-11-24 12:52:46.913000',NULL,NULL,NULL,'123.pdf','pdf',52058,'2017-11-24 12:52:46.889000')
COMMIT
DISCONNECT
/*C54*/SET SCHEMA PUBLIC
INSERT INTO SYS_FILE VALUES('5a49e31f-0b2e-fb09-f232-620b129beed2','2017-11-24 12:52:46.911000','admin',1,'2017-11-24 12:52:46.911000',NULL,NULL,NULL,'123.pdf','pdf',52058,'2017-11-24 12:52:46.890000')
COMMIT
/*C53*/SET SCHEMA PUBLIC
INSERT INTO SYS_FILE VALUES('4f5977cb-3f36-51c6-46ac-a2de2aadddd2','2017-11-24 12:52:46.908000','admin',1,'2017-11-24 12:52:46.908000',NULL,NULL,NULL,'123.pdf','pdf',52058,'2017-11-24 12:52:46.890000')
COMMIT
DISCONNECT
/*C54*/DISCONNECT
/*C51*/DELETE FROM SYS_SERVER WHERE ID='9ce512b8-3e99-7f53-7e20-f3ceb84df599'
INSERT INTO SYS_SERVER VALUES('9ce512b8-3e99-7f53-7e20-f3ceb84df599','2017-02-07 22:05:12.170000',NULL,'2017-11-24 12:53:33.162000',NULL,'localhost:8080/app-core',TRUE,NULL)
COMMIT
INSERT INTO SYS_FILE VALUES('1e5d492f-8adc-c42c-be1b-d1e681f9b6a5','2017-11-24 12:53:55.628000','admin',1,'2017-11-24 12:53:55.628000',NULL,NULL,NULL,'123.pdf','pdf',52058,'2017-11-24 12:53:55.618000')
COMMIT
DELETE FROM SYS_SERVER WHERE ID='9ce512b8-3e99-7f53-7e20-f3ceb84df599'
INSERT INTO SYS_SERVER VALUES('9ce512b8-3e99-7f53-7e20-f3ceb84df599','2017-02-07 22:05:12.170000',NULL,'2017-11-24 12:54:32.418000',NULL,'localhost:8080/app-core',TRUE,NULL)
COMMIT
DELETE FROM SYS_SERVER WHERE ID='9ce512b8-3e99-7f53-7e20-f3ceb84df599'
INSERT INTO SYS_SERVER VALUES('9ce512b8-3e99-7f53-7e20-f3ceb84df599','2017-02-07 22:05:12.170000',NULL,'2017-11-24 12:55:32.418000',NULL,'localhost:8080/app-core',TRUE,NULL)
COMMIT
DELETE FROM SYS_SERVER WHERE ID='9ce512b8-3e99-7f53-7e20-f3ceb84df599'
INSERT INTO SYS_SERVER VALUES('9ce512b8-3e99-7f53-7e20-f3ceb84df599','2017-02-07 22:05:12.170000',NULL,'2017-11-24 12:56:32.418000',NULL,'localhost:8080/app-core',TRUE,NULL)
COMMIT
DELETE FROM SYS_SERVER WHERE ID='9ce512b8-3e99-7f53-7e20-f3ceb84df599'
INSERT INTO SYS_SERVER VALUES('9ce512b8-3e99-7f53-7e20-f3ceb84df599','2017-02-07 22:05:12.170000',NULL,'2017-11-24 12:57:32.418000',NULL,'localhost:8080/app-core',TRUE,NULL)
COMMIT
DELETE FROM SYS_SERVER WHERE ID='9ce512b8-3e99-7f53-7e20-f3ceb84df599'
INSERT INTO SYS_SERVER VALUES('9ce512b8-3e99-7f53-7e20-f3ceb84df599','2017-02-07 22:05:12.170000',NULL,'2017-11-24 12:58:32.419000',NULL,'localhost:8080/app-core',TRUE,NULL)
COMMIT
DELETE FROM SYS_SERVER WHERE ID='9ce512b8-3e99-7f53-7e20-f3ceb84df599'
INSERT INTO SYS_SERVER VALUES('9ce512b8-3e99-7f53-7e20-f3ceb84df599','2017-02-07 22:05:12.170000',NULL,'2017-11-24 12:59:32.419000',NULL,'localhost:8080/app-core',TRUE,NULL)
COMMIT
DELETE FROM SYS_SERVER WHERE ID='9ce512b8-3e99-7f53-7e20-f3ceb84df599'
INSERT INTO SYS_SERVER VALUES('9ce512b8-3e99-7f53-7e20-f3ceb84df599','2017-02-07 22:05:12.170000',NULL,'2017-11-24 13:00:32.419000',NULL,'localhost:8080/app-core',TRUE,NULL)
COMMIT
DELETE FROM SYS_SERVER WHERE ID='9ce512b8-3e99-7f53-7e20-f3ceb84df599'
INSERT INTO SYS_SERVER VALUES('9ce512b8-3e99-7f53-7e20-f3ceb84df599','2017-02-07 22:05:12.170000',NULL,'2017-11-24 13:01:32.420000',NULL,'localhost:8080/app-core',TRUE,NULL)
COMMIT
DELETE FROM SYS_SERVER WHERE ID='9ce512b8-3e99-7f53-7e20-f3ceb84df599'
INSERT INTO SYS_SERVER VALUES('9ce512b8-3e99-7f53-7e20-f3ceb84df599','2017-02-07 22:05:12.170000',NULL,'2017-11-24 13:02:32.421000',NULL,'localhost:8080/app-core',TRUE,NULL)
COMMIT
DELETE FROM SYS_SERVER WHERE ID='9ce512b8-3e99-7f53-7e20-f3ceb84df599'
INSERT INTO SYS_SERVER VALUES('9ce512b8-3e99-7f53-7e20-f3ceb84df599','2017-02-07 22:05:12.170000',NULL,'2017-11-24 13:03:32.422000',NULL,'localhost:8080/app-core',TRUE,NULL)
COMMIT
DELETE FROM SYS_SERVER WHERE ID='9ce512b8-3e99-7f53-7e20-f3ceb84df599'
INSERT INTO SYS_SERVER VALUES('9ce512b8-3e99-7f53-7e20-f3ceb84df599','2017-02-07 22:05:12.170000',NULL,'2017-11-24 13:04:32.422000',NULL,'localhost:8080/app-core',TRUE,NULL)
COMMIT
DELETE FROM SYS_SERVER WHERE ID='9ce512b8-3e99-7f53-7e20-f3ceb84df599'
INSERT INTO SYS_SERVER VALUES('9ce512b8-3e99-7f53-7e20-f3ceb84df599','2017-02-07 22:05:12.170000',NULL,'2017-11-24 13:05:32.422000',NULL,'localhost:8080/app-core',TRUE,NULL)
COMMIT
DELETE FROM SYS_SERVER WHERE ID='9ce512b8-3e99-7f53-7e20-f3ceb84df599'
INSERT INTO SYS_SERVER VALUES('9ce512b8-3e99-7f53-7e20-f3ceb84df599','2017-02-07 22:05:12.170000',NULL,'2017-11-24 13:06:32.422000',NULL,'localhost:8080/app-core',TRUE,NULL)
COMMIT
DELETE FROM SYS_SERVER WHERE ID='9ce512b8-3e99-7f53-7e20-f3ceb84df599'
INSERT INTO SYS_SERVER VALUES('9ce512b8-3e99-7f53-7e20-f3ceb84df599','2017-02-07 22:05:12.170000',NULL,'2017-11-24 13:07:32.423000',NULL,'localhost:8080/app-core',TRUE,NULL)
COMMIT
DELETE FROM SYS_SERVER WHERE ID='9ce512b8-3e99-7f53-7e20-f3ceb84df599'
INSERT INTO SYS_SERVER VALUES('9ce512b8-3e99-7f53-7e20-f3ceb84df599','2017-02-07 22:05:12.170000',NULL,'2017-11-24 13:08:32.423000',NULL,'localhost:8080/app-core',TRUE,NULL)
COMMIT
DELETE FROM SYS_SERVER WHERE ID='9ce512b8-3e99-7f53-7e20-f3ceb84df599'
INSERT INTO SYS_SERVER VALUES('9ce512b8-3e99-7f53-7e20-f3ceb84df599','2017-02-07 22:05:12.170000',NULL,'2017-11-24 13:09:32.423000',NULL,'localhost:8080/app-core',TRUE,NULL)
COMMIT
DELETE FROM SYS_SERVER WHERE ID='9ce512b8-3e99-7f53-7e20-f3ceb84df599'
INSERT INTO SYS_SERVER VALUES('9ce512b8-3e99-7f53-7e20-f3ceb84df599','2017-02-07 22:05:12.170000',NULL,'2017-11-24 13:10:32.423000',NULL,'localhost:8080/app-core',TRUE,NULL)
COMMIT
DELETE FROM SYS_SERVER WHERE ID='9ce512b8-3e99-7f53-7e20-f3ceb84df599'
INSERT INTO SYS_SERVER VALUES('9ce512b8-3e99-7f53-7e20-f3ceb84df599','2017-02-07 22:05:12.170000',NULL,'2017-11-24 13:11:32.423000',NULL,'localhost:8080/app-core',TRUE,NULL)
COMMIT
DELETE FROM SYS_SERVER WHERE ID='9ce512b8-3e99-7f53-7e20-f3ceb84df599'
INSERT INTO SYS_SERVER VALUES('9ce512b8-3e99-7f53-7e20-f3ceb84df599','2017-02-07 22:05:12.170000',NULL,'2017-11-24 13:12:32.423000',NULL,'localhost:8080/app-core',TRUE,NULL)
COMMIT
DELETE FROM SYS_SERVER WHERE ID='9ce512b8-3e99-7f53-7e20-f3ceb84df599'
INSERT INTO SYS_SERVER VALUES('9ce512b8-3e99-7f53-7e20-f3ceb84df599','2017-02-07 22:05:12.170000',NULL,'2017-11-24 13:13:32.423000',NULL,'localhost:8080/app-core',TRUE,NULL)
COMMIT
DELETE FROM SYS_SERVER WHERE ID='9ce512b8-3e99-7f53-7e20-f3ceb84df599'
INSERT INTO SYS_SERVER VALUES('9ce512b8-3e99-7f53-7e20-f3ceb84df599','2017-02-07 22:05:12.170000',NULL,'2017-11-24 13:14:32.423000',NULL,'localhost:8080/app-core',TRUE,NULL)
COMMIT
DELETE FROM SYS_SERVER WHERE ID='9ce512b8-3e99-7f53-7e20-f3ceb84df599'
INSERT INTO SYS_SERVER VALUES('9ce512b8-3e99-7f53-7e20-f3ceb84df599','2017-02-07 22:05:12.170000',NULL,'2017-11-24 13:15:32.423000',NULL,'localhost:8080/app-core',TRUE,NULL)
COMMIT
/*C57*/SET SCHEMA PUBLIC
DISCONNECT
/*C50*/DISCONNECT
/*C58*/SET SCHEMA PUBLIC
INSERT INTO SYS_FILE VALUES('1064bbd9-efd3-44ac-7cf7-c4a3b0bb395b','2017-11-24 13:16:17.635000','admin',1,'2017-11-24 13:16:17.635000',NULL,NULL,NULL,'f hfhg fg hjh hj jhgjg jhjf hgf.pdf','pdf',225814,'2017-11-24 13:16:17.623000')
COMMIT
/*C51*/DISCONNECT
/*C59*/SET SCHEMA PUBLIC
DISCONNECT
/*C61*/SET SCHEMA PUBLIC
DISCONNECT
/*C63*/SET SCHEMA PUBLIC
INSERT INTO SYS_FILE VALUES('01ba6ce3-4b61-6e86-0c31-d3e82db12fbc','2017-11-24 13:16:19.378000','admin',1,'2017-11-24 13:16:19.378000',NULL,NULL,NULL,'f hfhg fg hjh hj jhgjg jhjf hgf.pdf','pdf',225814,'2017-11-24 13:16:19.377000')
COMMIT
/*C60*/SET SCHEMA PUBLIC
DISCONNECT
/*C58*/DISCONNECT
/*C56*/SET SCHEMA PUBLIC
DISCONNECT
/*C64*/SET SCHEMA PUBLIC
DISCONNECT
/*C62*/SET SCHEMA PUBLIC
INSERT INTO SYS_FILE VALUES('fd0ac2cc-013e-a706-2864-bf8a76084f9a','2017-11-24 13:16:22.390000','admin',1,'2017-11-24 13:16:22.390000',NULL,NULL,NULL,'f hfhg fg hjh hj jhgjg jhjf hgf.pdf','pdf',225814,'2017-11-24 13:16:22.389000')
COMMIT
/*C65*/SET SCHEMA PUBLIC
INSERT INTO SYS_FILE VALUES('9ddebd89-b052-648b-90d2-824f02ff8cee','2017-11-24 13:16:22.918000','admin',1,'2017-11-24 13:16:22.918000',NULL,NULL,NULL,'f hfhg fg hjh hj jhgjg jhjf hgf.pdf','pdf',225814,'2017-11-24 13:16:22.917000')
COMMIT
/*C63*/DISCONNECT
/*C65*/INSERT INTO SYS_FILE VALUES('3537f362-9797-01fe-7ff7-b80c2e6ff207','2017-11-24 13:16:23.147000','admin',1,'2017-11-24 13:16:23.147000',NULL,NULL,NULL,'f hfhg fg hjh hj jhgjg jhjf hgf.pdf','pdf',225814,'2017-11-24 13:16:23.146000')
COMMIT
INSERT INTO SYS_FILE VALUES('773e9f61-8704-2346-bdc2-f1e9dbb0bf15','2017-11-24 13:16:24.118000','admin',1,'2017-11-24 13:16:24.118000',NULL,NULL,NULL,'f hfhg fg hjh hj jhgjg jhjf hgf.pdf','pdf',225814,'2017-11-24 13:16:24.117000')
COMMIT
INSERT INTO SYS_FILE VALUES('1371ddbb-dfdb-c28e-2b38-f8f917e44f9e','2017-11-24 13:16:24.407000','admin',1,'2017-11-24 13:16:24.407000',NULL,NULL,NULL,'f hfhg fg hjh hj jhgjg jhjf hgf.pdf','pdf',225814,'2017-11-24 13:16:24.406000')
COMMIT
INSERT INTO SYS_FILE VALUES('3b1f2848-0f0d-8e29-7c6e-c50a9fe45aac','2017-11-24 13:16:27.414000','admin',1,'2017-11-24 13:16:27.414000',NULL,NULL,NULL,'eswtwet.pdf','pdf',52058,'2017-11-24 13:16:27.413000')
COMMIT
DELETE FROM SYS_SERVER WHERE ID='9ce512b8-3e99-7f53-7e20-f3ceb84df599'
INSERT INTO SYS_SERVER VALUES('9ce512b8-3e99-7f53-7e20-f3ceb84df599','2017-02-07 22:05:12.170000',NULL,'2017-11-24 13:16:32.423000',NULL,'localhost:8080/app-core',TRUE,NULL)
COMMIT
INSERT INTO SYS_FILE VALUES('02964b6d-c2e8-259e-125f-ab9ee04b7fc6','2017-11-24 13:16:37.946000','admin',1,'2017-11-24 13:16:37.946000',NULL,NULL,NULL,'eswtwet.pdf','pdf',52058,'2017-11-24 13:16:37.945000')
COMMIT
DELETE FROM SYS_SERVER WHERE ID='9ce512b8-3e99-7f53-7e20-f3ceb84df599'
INSERT INTO SYS_SERVER VALUES('9ce512b8-3e99-7f53-7e20-f3ceb84df599','2017-02-07 22:05:12.170000',NULL,'2017-11-24 13:17:32.423000',NULL,'localhost:8080/app-core',TRUE,NULL)
COMMIT
DELETE FROM SYS_SERVER WHERE ID='9ce512b8-3e99-7f53-7e20-f3ceb84df599'
INSERT INTO SYS_SERVER VALUES('9ce512b8-3e99-7f53-7e20-f3ceb84df599','2017-02-07 22:05:12.170000',NULL,'2017-11-24 13:18:32.423000',NULL,'localhost:8080/app-core',TRUE,NULL)
COMMIT
DELETE FROM SYS_SERVER WHERE ID='9ce512b8-3e99-7f53-7e20-f3ceb84df599'
INSERT INTO SYS_SERVER VALUES('9ce512b8-3e99-7f53-7e20-f3ceb84df599','2017-02-07 22:05:12.170000',NULL,'2017-11-24 13:19:32.424000',NULL,'localhost:8080/app-core',TRUE,NULL)
COMMIT
DELETE FROM SYS_SERVER WHERE ID='9ce512b8-3e99-7f53-7e20-f3ceb84df599'
INSERT INTO SYS_SERVER VALUES('9ce512b8-3e99-7f53-7e20-f3ceb84df599','2017-02-07 22:05:12.170000',NULL,'2017-11-24 13:20:32.424000',NULL,'localhost:8080/app-core',TRUE,NULL)
COMMIT
DELETE FROM SYS_SERVER WHERE ID='9ce512b8-3e99-7f53-7e20-f3ceb84df599'
INSERT INTO SYS_SERVER VALUES('9ce512b8-3e99-7f53-7e20-f3ceb84df599','2017-02-07 22:05:12.170000',NULL,'2017-11-24 13:21:32.424000',NULL,'localhost:8080/app-core',TRUE,NULL)
COMMIT
DELETE FROM SYS_SERVER WHERE ID='9ce512b8-3e99-7f53-7e20-f3ceb84df599'
INSERT INTO SYS_SERVER VALUES('9ce512b8-3e99-7f53-7e20-f3ceb84df599','2017-02-07 22:05:12.170000',NULL,'2017-11-24 13:22:32.425000',NULL,'localhost:8080/app-core',TRUE,NULL)
COMMIT
INSERT INTO SYS_FILE VALUES('6255f71b-2992-1d8e-3957-6d271a05e704','2017-11-24 13:22:33.888000','admin',1,'2017-11-24 13:22:33.888000',NULL,NULL,NULL,'etwt.pdf','pdf',52058,'2017-11-24 13:22:33.888000')
COMMIT
DELETE FROM SYS_SERVER WHERE ID='9ce512b8-3e99-7f53-7e20-f3ceb84df599'
INSERT INTO SYS_SERVER VALUES('9ce512b8-3e99-7f53-7e20-f3ceb84df599','2017-02-07 22:05:12.170000',NULL,'2017-11-24 13:23:32.424000',NULL,'localhost:8080/app-core',TRUE,NULL)
COMMIT
INSERT INTO SYS_FILE VALUES('96b68150-9e11-1f21-c7bc-a1f42af67b37','2017-11-24 13:23:39.792000','admin',1,'2017-11-24 13:23:39.792000',NULL,NULL,NULL,'test.pdf','pdf',52058,'2017-11-24 13:23:39.791000')
COMMIT
DELETE FROM SYS_SERVER WHERE ID='9ce512b8-3e99-7f53-7e20-f3ceb84df599'
INSERT INTO SYS_SERVER VALUES('9ce512b8-3e99-7f53-7e20-f3ceb84df599','2017-02-07 22:05:12.170000',NULL,'2017-11-24 13:24:32.424000',NULL,'localhost:8080/app-core',TRUE,NULL)
COMMIT
DELETE FROM SYS_SERVER WHERE ID='9ce512b8-3e99-7f53-7e20-f3ceb84df599'
INSERT INTO SYS_SERVER VALUES('9ce512b8-3e99-7f53-7e20-f3ceb84df599','2017-02-07 22:05:12.170000',NULL,'2017-11-24 13:25:32.425000',NULL,'localhost:8080/app-core',TRUE,NULL)
COMMIT
DELETE FROM SYS_SERVER WHERE ID='9ce512b8-3e99-7f53-7e20-f3ceb84df599'
INSERT INTO SYS_SERVER VALUES('9ce512b8-3e99-7f53-7e20-f3ceb84df599','2017-02-07 22:05:12.170000',NULL,'2017-11-24 13:26:32.424000',NULL,'localhost:8080/app-core',TRUE,NULL)
COMMIT
DELETE FROM SYS_SERVER WHERE ID='9ce512b8-3e99-7f53-7e20-f3ceb84df599'
INSERT INTO SYS_SERVER VALUES('9ce512b8-3e99-7f53-7e20-f3ceb84df599','2017-02-07 22:05:12.170000',NULL,'2017-11-24 13:27:32.424000',NULL,'localhost:8080/app-core',TRUE,NULL)
COMMIT
DELETE FROM SYS_SERVER WHERE ID='9ce512b8-3e99-7f53-7e20-f3ceb84df599'
INSERT INTO SYS_SERVER VALUES('9ce512b8-3e99-7f53-7e20-f3ceb84df599','2017-02-07 22:05:12.170000',NULL,'2017-11-24 13:28:32.425000',NULL,'localhost:8080/app-core',TRUE,NULL)
COMMIT
INSERT INTO SYS_FILE VALUES('e5f92f68-7f36-c8e4-d341-0f3c9e77a128','2017-11-24 13:28:53.093000','admin',1,'2017-11-24 13:28:53.093000',NULL,NULL,NULL,'asdad.sdd.pdf','pdf',52058,'2017-11-24 13:28:53.092000')
COMMIT
DELETE FROM SYS_SERVER WHERE ID='9ce512b8-3e99-7f53-7e20-f3ceb84df599'
INSERT INTO SYS_SERVER VALUES('9ce512b8-3e99-7f53-7e20-f3ceb84df599','2017-02-07 22:05:12.170000',NULL,'2017-11-24 13:29:32.425000',NULL,'localhost:8080/app-core',TRUE,NULL)
COMMIT
INSERT INTO SYS_FILE VALUES('8428b5ce-dec9-e1fd-2374-f91816c31ed8','2017-11-24 13:30:15.693000','admin',1,'2017-11-24 13:30:15.693000',NULL,NULL,NULL,'123123.pdf','pdf',52058,'2017-11-24 13:30:15.683000')
COMMIT
DELETE FROM SYS_SERVER WHERE ID='9ce512b8-3e99-7f53-7e20-f3ceb84df599'
INSERT INTO SYS_SERVER VALUES('9ce512b8-3e99-7f53-7e20-f3ceb84df599','2017-02-07 22:05:12.170000',NULL,'2017-11-24 13:30:32.425000',NULL,'localhost:8080/app-core',TRUE,NULL)
COMMIT
DELETE FROM SYS_SERVER WHERE ID='9ce512b8-3e99-7f53-7e20-f3ceb84df599'
INSERT INTO SYS_SERVER VALUES('9ce512b8-3e99-7f53-7e20-f3ceb84df599','2017-02-07 22:05:12.170000',NULL,'2017-11-24 13:31:32.425000',NULL,'localhost:8080/app-core',TRUE,NULL)
COMMIT
DELETE FROM SYS_SERVER WHERE ID='9ce512b8-3e99-7f53-7e20-f3ceb84df599'
INSERT INTO SYS_SERVER VALUES('9ce512b8-3e99-7f53-7e20-f3ceb84df599','2017-02-07 22:05:12.170000',NULL,'2017-11-24 13:32:32.425000',NULL,'localhost:8080/app-core',TRUE,NULL)
COMMIT
DELETE FROM SYS_SERVER WHERE ID='9ce512b8-3e99-7f53-7e20-f3ceb84df599'
INSERT INTO SYS_SERVER VALUES('9ce512b8-3e99-7f53-7e20-f3ceb84df599','2017-02-07 22:05:12.170000',NULL,'2017-11-24 13:33:32.425000',NULL,'localhost:8080/app-core',TRUE,NULL)
COMMIT
DELETE FROM SYS_SERVER WHERE ID='9ce512b8-3e99-7f53-7e20-f3ceb84df599'
INSERT INTO SYS_SERVER VALUES('9ce512b8-3e99-7f53-7e20-f3ceb84df599','2017-02-07 22:05:12.170000',NULL,'2017-11-24 13:34:32.425000',NULL,'localhost:8080/app-core',TRUE,NULL)
COMMIT
INSERT INTO SYS_FILE VALUES('a46a4145-b013-4c65-87ac-91c5417466f3','2017-11-24 13:34:45.516000','admin',1,'2017-11-24 13:34:45.516000',NULL,NULL,NULL,'asd.pdf','pdf',52058,'2017-11-24 13:34:45.515000')
COMMIT
INSERT INTO SYS_FILE VALUES('a173e474-10d2-28a9-b83b-bbb7ffa46dbe','2017-11-24 13:35:08.500000','admin',1,'2017-11-24 13:35:08.500000',NULL,NULL,NULL,'asds.pdf','pdf',52058,'2017-11-24 13:35:08.499000')
COMMIT
DELETE FROM SYS_SERVER WHERE ID='9ce512b8-3e99-7f53-7e20-f3ceb84df599'
INSERT INTO SYS_SERVER VALUES('9ce512b8-3e99-7f53-7e20-f3ceb84df599','2017-02-07 22:05:12.170000',NULL,'2017-11-24 13:35:32.425000',NULL,'localhost:8080/app-core',TRUE,NULL)
COMMIT
INSERT INTO SYS_FILE VALUES('d6cdd906-c2f9-30e4-2710-f165943a59a6','2017-11-24 13:35:35.616000','admin',1,'2017-11-24 13:35:35.616000',NULL,NULL,NULL,'asdsad.pdf','pdf',52058,'2017-11-24 13:35:35.616000')
COMMIT
DELETE FROM SYS_SERVER WHERE ID='9ce512b8-3e99-7f53-7e20-f3ceb84df599'
INSERT INTO SYS_SERVER VALUES('9ce512b8-3e99-7f53-7e20-f3ceb84df599','2017-02-07 22:05:12.170000',NULL,'2017-11-24 13:36:32.426000',NULL,'localhost:8080/app-core',TRUE,NULL)
COMMIT
DELETE FROM SYS_SERVER WHERE ID='9ce512b8-3e99-7f53-7e20-f3ceb84df599'
INSERT INTO SYS_SERVER VALUES('9ce512b8-3e99-7f53-7e20-f3ceb84df599','2017-02-07 22:05:12.170000',NULL,'2017-11-24 13:37:32.426000',NULL,'localhost:8080/app-core',TRUE,NULL)
COMMIT
DELETE FROM SYS_SERVER WHERE ID='9ce512b8-3e99-7f53-7e20-f3ceb84df599'
INSERT INTO SYS_SERVER VALUES('9ce512b8-3e99-7f53-7e20-f3ceb84df599','2017-02-07 22:05:12.170000',NULL,'2017-11-24 13:38:32.426000',NULL,'localhost:8080/app-core',TRUE,NULL)
COMMIT
DELETE FROM SYS_SERVER WHERE ID='9ce512b8-3e99-7f53-7e20-f3ceb84df599'
INSERT INTO SYS_SERVER VALUES('9ce512b8-3e99-7f53-7e20-f3ceb84df599','2017-02-07 22:05:12.170000',NULL,'2017-11-24 13:39:32.427000',NULL,'localhost:8080/app-core',TRUE,NULL)
COMMIT
INSERT INTO SYS_FILE VALUES('375abff6-fd9e-6be0-9211-ec2f0a3eac37','2017-11-24 13:40:17.275000','admin',1,'2017-11-24 13:40:17.275000',NULL,NULL,NULL,'test-teport.pfd.pdf','pdf',52058,'2017-11-24 13:40:17.275000')
COMMIT
DELETE FROM SYS_SERVER WHERE ID='9ce512b8-3e99-7f53-7e20-f3ceb84df599'
INSERT INTO SYS_SERVER VALUES('9ce512b8-3e99-7f53-7e20-f3ceb84df599','2017-02-07 22:05:12.170000',NULL,'2017-11-24 13:40:32.426000',NULL,'localhost:8080/app-core',TRUE,NULL)
COMMIT
INSERT INTO SYS_FILE VALUES('79eb498f-7939-c0df-2725-79fa887b300b','2017-11-24 13:40:46.925000','admin',1,'2017-11-24 13:40:46.925000',NULL,NULL,NULL,'asdadas.pdf','pdf',52058,'2017-11-24 13:40:46.925000')
COMMIT
INSERT INTO SYS_FILE VALUES('4209449d-da45-85e8-414d-5f31b6e5256f','2017-11-24 13:41:13.499000','admin',1,'2017-11-24 13:41:13.499000',NULL,NULL,NULL,'asdasd.pdf','pdf',52058,'2017-11-24 13:41:13.498000')
COMMIT
DELETE FROM SYS_SERVER WHERE ID='9ce512b8-3e99-7f53-7e20-f3ceb84df599'
INSERT INTO SYS_SERVER VALUES('9ce512b8-3e99-7f53-7e20-f3ceb84df599','2017-02-07 22:05:12.170000',NULL,'2017-11-24 13:41:32.426000',NULL,'localhost:8080/app-core',TRUE,NULL)
COMMIT
/*C66*/SET SCHEMA PUBLIC
DISCONNECT
/*C67*/SET SCHEMA PUBLIC
DISCONNECT
/*C68*/SET SCHEMA PUBLIC
DISCONNECT
/*C69*/SET SCHEMA PUBLIC
DISCONNECT
/*C71*/SET SCHEMA PUBLIC
DISCONNECT
/*C70*/SET SCHEMA PUBLIC
DISCONNECT
/*C72*/SET SCHEMA PUBLIC
DISCONNECT
/*C73*/SET SCHEMA PUBLIC
DISCONNECT
/*C65*/DELETE FROM SYS_SERVER WHERE ID='9ce512b8-3e99-7f53-7e20-f3ceb84df599'
INSERT INTO SYS_SERVER VALUES('9ce512b8-3e99-7f53-7e20-f3ceb84df599','2017-02-07 22:05:12.170000',NULL,'2017-11-24 13:41:43.542000',NULL,'localhost:8080/app-core',FALSE,NULL)
COMMIT
/*C62*/DISCONNECT
/*C65*/DISCONNECT
/*C74*/SET SCHEMA PUBLIC
DISCONNECT
/*C75*/SET SCHEMA PUBLIC
DELETE FROM SEC_SESSION_LOG WHERE ID='618a1c2f-8e52-6fe8-18c7-af7ad8d19cc8'
INSERT INTO SEC_SESSION_LOG VALUES('618a1c2f-8e52-6fe8-18c7-af7ad8d19cc8',2,'2017-11-24 12:52:41.575000','admin','2017-11-24 13:42:35.973000','admin',NULL,NULL,'f01ab00e-b19a-8c31-a895-2506692f1a4e',NULL,'60885987-1b61-4247-94c7-dff348347f93',NULL,3,'Web (localhost:8080/app) Mozilla/5.0 (X11; Linux x86_64) AppleWebKit/537.36 (KHTML, like Gecko) Chrome/62.0.3202.94 Safari/537.36','0:0:0:0:0:0:0:1','2017-11-24 12:52:41.575000','2017-11-24 13:42:35.934000',NULL,'localhost:8080/app-core')
DELETE FROM SEC_SESSION_LOG WHERE ID='a1529ac7-5912-1f7f-384f-c6cc2f700fd7'
INSERT INTO SEC_SESSION_LOG VALUES('a1529ac7-5912-1f7f-384f-c6cc2f700fd7',2,'2017-11-24 12:52:13.725000','admin','2017-11-24 13:42:35.973000','admin',NULL,NULL,'3f386b5f-ed0b-1893-8d83-069d5165bd06',NULL,'60885987-1b61-4247-94c7-dff348347f93',NULL,3,'REST API',NULL,'2017-11-24 12:52:13.723000','2017-11-24 13:42:35.936000',NULL,'localhost:8080/app-core')
COMMIT
DELETE FROM SYS_SERVER WHERE ID='9ce512b8-3e99-7f53-7e20-f3ceb84df599'
INSERT INTO SYS_SERVER VALUES('9ce512b8-3e99-7f53-7e20-f3ceb84df599','2017-02-07 22:05:12.170000',NULL,'2017-11-24 13:43:04.933000',NULL,'localhost:8080/app-core',TRUE,NULL)
COMMIT
DELETE FROM SYS_SERVER WHERE ID='9ce512b8-3e99-7f53-7e20-f3ceb84df599'
INSERT INTO SYS_SERVER VALUES('9ce512b8-3e99-7f53-7e20-f3ceb84df599','2017-02-07 22:05:12.170000',NULL,'2017-11-24 13:44:04.931000',NULL,'localhost:8080/app-core',TRUE,NULL)
COMMIT
INSERT INTO SEC_SESSION_LOG VALUES('9c29b711-a1e0-e80b-6da2-d25f67def297',1,'2017-11-24 13:44:13.124000','admin','2017-11-24 13:44:13.124000',NULL,NULL,NULL,'01849ca3-47f1-0674-abea-1b3a0e9be090',NULL,'60885987-1b61-4247-94c7-dff348347f93',NULL,1,'REST API',NULL,'2017-11-24 13:44:13.123000',NULL,NULL,'localhost:8080/app-core')
COMMIT
INSERT INTO SYS_FILE VALUES('fb9a18da-f04a-1523-b9d8-304c237d1b81','2017-11-24 13:44:28.665000','admin',1,'2017-11-24 13:44:28.665000',NULL,NULL,NULL,'asdasdad.pdf','pdf',52058,'2017-11-24 13:44:28.658000')
COMMIT
INSERT INTO SYS_FILE VALUES('0c538f81-1c22-1a4d-f952-30e00aa38ec1','2017-11-24 13:44:45.398000','admin',1,'2017-11-24 13:44:45.398000',NULL,NULL,NULL,'asdasdad.pdf','pdf',52058,'2017-11-24 13:44:45.397000')
COMMIT
DELETE FROM SYS_SERVER WHERE ID='9ce512b8-3e99-7f53-7e20-f3ceb84df599'
INSERT INTO SYS_SERVER VALUES('9ce512b8-3e99-7f53-7e20-f3ceb84df599','2017-02-07 22:05:12.170000',NULL,'2017-11-24 13:45:04.931000',NULL,'localhost:8080/app-core',TRUE,NULL)
COMMIT
DELETE FROM SYS_SERVER WHERE ID='9ce512b8-3e99-7f53-7e20-f3ceb84df599'
INSERT INTO SYS_SERVER VALUES('9ce512b8-3e99-7f53-7e20-f3ceb84df599','2017-02-07 22:05:12.170000',NULL,'2017-11-24 13:46:04.931000',NULL,'localhost:8080/app-core',TRUE,NULL)
COMMIT
